<?xml version="1.0" encoding="UTF-8"?>
<coverage generated="1660197214934" clover="3.2.0">
  <project timestamp="1660197214934" name="All files">
    <metrics statements="28" coveredstatements="28" conditionals="0" coveredconditionals="0" methods="10" coveredmethods="10" elements="38" coveredelements="38" complexity="0" loc="28" ncloc="28" packages="3" files="6" classes="6"/>
    <package name="src">
      <metrics statements="2" coveredstatements="2" conditionals="0" coveredconditionals="0" methods="1" coveredmethods="1"/>
      <file name="App.js" path="/Users/skyksit/studyspace/reactNativeTodos/src/App.js">
        <metrics statements="2" coveredstatements="2" conditionals="0" coveredconditionals="0" methods="1" coveredmethods="1"/>
        <line num="7" count="3" type="stmt"/>
        <line num="17" count="1" type="stmt"/>
      </file>
    </package>
    <package name="src.components">
      <metrics statements="17" coveredstatements="17" conditionals="0" coveredconditionals="0" methods="6" coveredmethods="6"/>
      <file name="TaskInput.jsx" path="/Users/skyksit/studyspace/reactNativeTodos/src/components/TaskInput.jsx">
        <metrics statements="3" coveredstatements="3" conditionals="0" coveredconditionals="0" methods="1" coveredmethods="1"/>
        <line num="4" count="3" type="stmt"/>
        <line num="5" count="12" type="stmt"/>
        <line num="16" count="3" type="stmt"/>
      </file>
      <file name="TaskItem.jsx" path="/Users/skyksit/studyspace/reactNativeTodos/src/components/TaskItem.jsx">
        <metrics statements="8" coveredstatements="8" conditionals="0" coveredconditionals="0" methods="2" coveredmethods="2"/>
        <line num="5" count="4" type="stmt"/>
        <line num="7" count="4" type="stmt"/>
        <line num="8" count="69" type="stmt"/>
        <line num="18" count="4" type="stmt"/>
        <line num="25" count="4" type="stmt"/>
        <line num="26" count="23" type="stmt"/>
        <line num="27" count="23" type="stmt"/>
        <line num="37" count="4" type="stmt"/>
      </file>
      <file name="TaskList.jsx" path="/Users/skyksit/studyspace/reactNativeTodos/src/components/TaskList.jsx">
        <metrics statements="3" coveredstatements="3" conditionals="0" coveredconditionals="0" methods="2" coveredmethods="2"/>
        <line num="5" count="3" type="stmt"/>
        <line num="6" count="9" type="stmt"/>
        <line num="9" count="19" type="stmt"/>
      </file>
      <file name="Title.jsx" path="/Users/skyksit/studyspace/reactNativeTodos/src/components/Title.jsx">
        <metrics statements="3" coveredstatements="3" conditionals="0" coveredconditionals="0" methods="1" coveredmethods="1"/>
        <line num="4" count="3" type="stmt"/>
        <line num="5" count="8" type="stmt"/>
        <line num="8" count="3" type="stmt"/>
      </file>
    </package>
    <package name="src.screens">
      <metrics statements="9" coveredstatements="9" conditionals="0" coveredconditionals="0" methods="3" coveredmethods="3"/>
      <file name="HomeScreen.jsx" path="/Users/skyksit/studyspace/reactNativeTodos/src/screens/HomeScreen.jsx">
        <metrics statements="9" coveredstatements="9" conditionals="0" coveredconditionals="0" methods="3" coveredmethods="3"/>
        <line num="8" count="2" type="stmt"/>
        <line num="14" count="7" type="stmt"/>
        <line num="15" count="7" type="stmt"/>
        <line num="17" count="7" type="stmt"/>
        <line num="18" count="1" type="stmt"/>
        <line num="21" count="7" type="stmt"/>
        <line num="22" count="1" type="stmt"/>
        <line num="23" count="1" type="stmt"/>
        <line num="26" count="7" type="stmt"/>
      </file>
    </package>
  </project>
</coverage>
