{"/Users/skyksit/studyspace/reactNativeTodos/src/App.js": {"path":"/Users/skyksit/studyspace/reactNativeTodos/src/App.js","statementMap":{"0":{"start":{"line":8,"column":32},"end":{"line":8,"column":44}},"1":{"start":{"line":9,"column":28},"end":{"line":15,"column":4}},"2":{"start":{"line":17,"column":19},"end":{"line":24,"column":3}},"3":{"start":{"line":18,"column":15},"end":{"line":18,"column":36}},"4":{"start":{"line":19,"column":26},"end":{"line":21,"column":5}},"5":{"start":{"line":22,"column":4},"end":{"line":22,"column":19}},"6":{"start":{"line":23,"column":4},"end":{"line":23,"column":43}},"7":{"start":{"line":26,"column":22},"end":{"line":30,"column":3}},"8":{"start":{"line":27,"column":25},"end":{"line":27,"column":49}},"9":{"start":{"line":28,"column":4},"end":{"line":28,"column":28}},"10":{"start":{"line":29,"column":4},"end":{"line":29,"column":27}},"11":{"start":{"line":32,"column":22},"end":{"line":36,"column":3}},"12":{"start":{"line":33,"column":25},"end":{"line":33,"column":49}},"13":{"start":{"line":34,"column":4},"end":{"line":34,"column":61}},"14":{"start":{"line":35,"column":4},"end":{"line":35,"column":27}},"15":{"start":{"line":38,"column":22},"end":{"line":42,"column":3}},"16":{"start":{"line":39,"column":25},"end":{"line":39,"column":49}},"17":{"start":{"line":40,"column":4},"end":{"line":40,"column":33}},"18":{"start":{"line":41,"column":4},"end":{"line":41,"column":27}},"19":{"start":{"line":44,"column":28},"end":{"line":46,"column":3}},"20":{"start":{"line":45,"column":4},"end":{"line":45,"column":21}},"21":{"start":{"line":48,"column":2},"end":{"line":73,"column":4}},"22":{"start":{"line":62,"column":14},"end":{"line":68,"column":16}},"23":{"start":{"line":76,"column":15},"end":{"line":83,"column":2}}},"fnMap":{"0":{"name":"App","decl":{"start":{"line":7,"column":24},"end":{"line":7,"column":27}},"loc":{"start":{"line":7,"column":30},"end":{"line":74,"column":1}},"line":7},"1":{"name":"(anonymous_1)","decl":{"start":{"line":17,"column":19},"end":{"line":17,"column":20}},"loc":{"start":{"line":17,"column":25},"end":{"line":24,"column":3}},"line":17},"2":{"name":"(anonymous_2)","decl":{"start":{"line":26,"column":22},"end":{"line":26,"column":23}},"loc":{"start":{"line":26,"column":28},"end":{"line":30,"column":3}},"line":26},"3":{"name":"(anonymous_3)","decl":{"start":{"line":32,"column":22},"end":{"line":32,"column":23}},"loc":{"start":{"line":32,"column":28},"end":{"line":36,"column":3}},"line":32},"4":{"name":"(anonymous_4)","decl":{"start":{"line":38,"column":22},"end":{"line":38,"column":23}},"loc":{"start":{"line":38,"column":30},"end":{"line":42,"column":3}},"line":38},"5":{"name":"(anonymous_5)","decl":{"start":{"line":44,"column":28},"end":{"line":44,"column":29}},"loc":{"start":{"line":44,"column":36},"end":{"line":46,"column":3}},"line":44},"6":{"name":"(anonymous_6)","decl":{"start":{"line":61,"column":17},"end":{"line":61,"column":18}},"loc":{"start":{"line":62,"column":14},"end":{"line":68,"column":16}},"line":62}},"branchMap":{},"s":{"0":1,"1":1,"2":1,"3":0,"4":0,"5":0,"6":0,"7":1,"8":0,"9":0,"10":0,"11":1,"12":0,"13":0,"14":0,"15":1,"16":0,"17":0,"18":0,"19":1,"20":0,"21":1,"22":5,"23":1},"f":{"0":1,"1":0,"2":0,"3":0,"4":0,"5":0,"6":5},"b":{},"_coverageSchema":"1a1c01bbd47fc00a2c39e90264f33305004495a9","hash":"5ffd39df2740c0c088a26451b2d01e72cb1f4db3"}
,"/Users/skyksit/studyspace/reactNativeTodos/src/components/Icon.jsx": {"path":"/Users/skyksit/studyspace/reactNativeTodos/src/components/Icon.jsx","statementMap":{"0":{"start":{"line":4,"column":0},"end":{"line":4,"column":20}},"1":{"start":{"line":6,"column":25},"end":{"line":11,"column":1}},"2":{"start":{"line":13,"column":27},"end":{"line":15,"column":1}},"3":{"start":{"line":14,"column":2},"end":{"line":14,"column":71}}},"fnMap":{"0":{"name":"(anonymous_0)","decl":{"start":{"line":13,"column":27},"end":{"line":13,"column":28}},"loc":{"start":{"line":13,"column":52},"end":{"line":15,"column":1}},"line":13}},"branchMap":{},"s":{"0":1,"1":1,"2":1,"3":15},"f":{"0":15},"b":{},"_coverageSchema":"1a1c01bbd47fc00a2c39e90264f33305004495a9","hash":"e9bc00181b3493a429932410f78713857346bd14"}
,"/Users/skyksit/studyspace/reactNativeTodos/src/components/Input.jsx": {"path":"/Users/skyksit/studyspace/reactNativeTodos/src/components/Input.jsx","statementMap":{"0":{"start":{"line":4,"column":14},"end":{"line":15,"column":1}},"1":{"start":{"line":5,"column":2},"end":{"line":14,"column":4}},"2":{"start":{"line":17,"column":15},"end":{"line":28,"column":2}}},"fnMap":{"0":{"name":"(anonymous_0)","decl":{"start":{"line":4,"column":14},"end":{"line":4,"column":15}},"loc":{"start":{"line":4,"column":58},"end":{"line":15,"column":1}},"line":4}},"branchMap":{},"s":{"0":1,"1":1,"2":1},"f":{"0":1},"b":{},"_coverageSchema":"1a1c01bbd47fc00a2c39e90264f33305004495a9","hash":"c6d7ab9210cfc5c8b26fd24743d623865340573f"}
,"/Users/skyksit/studyspace/reactNativeTodos/src/components/Task.jsx": {"path":"/Users/skyksit/studyspace/reactNativeTodos/src/components/Task.jsx","statementMap":{"0":{"start":{"line":8,"column":13},"end":{"line":57,"column":1}},"1":{"start":{"line":9,"column":34},"end":{"line":9,"column":49}},"2":{"start":{"line":10,"column":26},"end":{"line":10,"column":45}},"3":{"start":{"line":12,"column":35},"end":{"line":14,"column":3}},"4":{"start":{"line":13,"column":4},"end":{"line":13,"column":22}},"5":{"start":{"line":16,"column":27},"end":{"line":22,"column":3}},"6":{"start":{"line":17,"column":4},"end":{"line":21,"column":5}},"7":{"start":{"line":18,"column":25},"end":{"line":18,"column":56}},"8":{"start":{"line":19,"column":6},"end":{"line":19,"column":25}},"9":{"start":{"line":20,"column":6},"end":{"line":20,"column":29}},"10":{"start":{"line":24,"column":2},"end":{"line":56,"column":4}},"11":{"start":{"line":27,"column":34},"end":{"line":27,"column":53}},"12":{"start":{"line":59,"column":15},"end":{"line":78,"column":2}}},"fnMap":{"0":{"name":"(anonymous_0)","decl":{"start":{"line":8,"column":13},"end":{"line":8,"column":14}},"loc":{"start":{"line":8,"column":61},"end":{"line":57,"column":1}},"line":8},"1":{"name":"(anonymous_1)","decl":{"start":{"line":12,"column":35},"end":{"line":12,"column":36}},"loc":{"start":{"line":12,"column":41},"end":{"line":14,"column":3}},"line":12},"2":{"name":"(anonymous_2)","decl":{"start":{"line":16,"column":27},"end":{"line":16,"column":28}},"loc":{"start":{"line":16,"column":33},"end":{"line":22,"column":3}},"line":16},"3":{"name":"(anonymous_3)","decl":{"start":{"line":27,"column":20},"end":{"line":27,"column":21}},"loc":{"start":{"line":27,"column":34},"end":{"line":27,"column":53}},"line":27}},"branchMap":{"0":{"loc":{"start":{"line":17,"column":4},"end":{"line":21,"column":5}},"type":"if","locations":[{"start":{"line":17,"column":4},"end":{"line":21,"column":5}},{"start":{},"end":{}}],"line":17},"1":{"loc":{"start":{"line":24,"column":9},"end":{"line":56,"column":3}},"type":"cond-expr","locations":[{"start":{"line":25,"column":4},"end":{"line":29,"column":6}},{"start":{"line":31,"column":4},"end":{"line":55,"column":11}}],"line":24},"2":{"loc":{"start":{"line":33,"column":14},"end":{"line":33,"column":68}},"type":"cond-expr","locations":[{"start":{"line":33,"column":31},"end":{"line":33,"column":47}},{"start":{"line":33,"column":50},"end":{"line":33,"column":68}}],"line":33},"3":{"loc":{"start":{"line":39,"column":19},"end":{"line":39,"column":66}},"type":"cond-expr","locations":[{"start":{"line":39,"column":36},"end":{"line":39,"column":52}},{"start":{"line":39,"column":55},"end":{"line":39,"column":66}}],"line":39},"4":{"loc":{"start":{"line":42,"column":7},"end":{"line":47,"column":7}},"type":"binary-expr","locations":[{"start":{"line":42,"column":7},"end":{"line":42,"column":21}},{"start":{"line":43,"column":8},"end":{"line":46,"column":10}}],"line":42}},"s":{"0":1,"1":5,"2":5,"3":5,"4":0,"5":5,"6":0,"7":0,"8":0,"9":0,"10":5,"11":0,"12":1},"f":{"0":5,"1":0,"2":0,"3":0},"b":{"0":[0,0],"1":[0,5],"2":[0,5],"3":[0,5],"4":[5,5]},"_coverageSchema":"1a1c01bbd47fc00a2c39e90264f33305004495a9","hash":"4e0d0cd9d320d83473ead19c2208b1ad6765f358"}
,"/Users/skyksit/studyspace/reactNativeTodos/src/components/Title.jsx": {"path":"/Users/skyksit/studyspace/reactNativeTodos/src/components/Title.jsx","statementMap":{"0":{"start":{"line":4,"column":14},"end":{"line":6,"column":1}},"1":{"start":{"line":5,"column":2},"end":{"line":5,"column":51}},"2":{"start":{"line":8,"column":15},"end":{"line":15,"column":2}}},"fnMap":{"0":{"name":"(anonymous_0)","decl":{"start":{"line":4,"column":14},"end":{"line":4,"column":15}},"loc":{"start":{"line":4,"column":27},"end":{"line":6,"column":1}},"line":4}},"branchMap":{},"s":{"0":1,"1":1,"2":1},"f":{"0":1},"b":{},"_coverageSchema":"1a1c01bbd47fc00a2c39e90264f33305004495a9","hash":"deb81db222ec0c5f69d4ec3d69c4abf7a2fbdd2e"}
,"/Users/skyksit/studyspace/reactNativeTodos/src/components/TouchableButton.jsx": {"path":"/Users/skyksit/studyspace/reactNativeTodos/src/components/TouchableButton.jsx","statementMap":{"0":{"start":{"line":5,"column":24},"end":{"line":19,"column":1}},"1":{"start":{"line":6,"column":22},"end":{"line":8,"column":3}},"2":{"start":{"line":7,"column":4},"end":{"line":7,"column":19}},"3":{"start":{"line":10,"column":2},"end":{"line":18,"column":4}},"4":{"start":{"line":21,"column":15},"end":{"line":25,"column":2}},"5":{"start":{"line":27,"column":0},"end":{"line":29,"column":2}}},"fnMap":{"0":{"name":"(anonymous_0)","decl":{"start":{"line":5,"column":24},"end":{"line":5,"column":25}},"loc":{"start":{"line":5,"column":71},"end":{"line":19,"column":1}},"line":5},"1":{"name":"(anonymous_1)","decl":{"start":{"line":6,"column":22},"end":{"line":6,"column":23}},"loc":{"start":{"line":6,"column":28},"end":{"line":8,"column":3}},"line":6},"2":{"name":"(anonymous_2)","decl":{"start":{"line":28,"column":14},"end":{"line":28,"column":15}},"loc":{"start":{"line":28,"column":20},"end":{"line":28,"column":22}},"line":28}},"branchMap":{"0":{"loc":{"start":{"line":15,"column":15},"end":{"line":15,"column":43}},"type":"cond-expr","locations":[{"start":{"line":15,"column":29},"end":{"line":15,"column":35}},{"start":{"line":15,"column":38},"end":{"line":15,"column":43}}],"line":15}},"s":{"0":1,"1":15,"2":0,"3":15,"4":1,"5":1},"f":{"0":15,"1":0,"2":0},"b":{"0":[0,15]},"_coverageSchema":"1a1c01bbd47fc00a2c39e90264f33305004495a9","hash":"781c7342a5bb033beca8946b054c3f45d4cca39b"}
,"/Users/skyksit/studyspace/reactNativeTodos/src/components/images.js": {"path":"/Users/skyksit/studyspace/reactNativeTodos/src/components/images.js","statementMap":{"0":{"start":{"line":1,"column":15},"end":{"line":6,"column":1}}},"fnMap":{},"branchMap":{},"s":{"0":1},"f":{},"b":{},"_coverageSchema":"1a1c01bbd47fc00a2c39e90264f33305004495a9","hash":"82471b92c015a27ddea324e52dbf2eac9c961f5f"}
}
