{"/Users/skyksit/studyspace/reactNativeTodos/src/App.js": {"path":"/Users/skyksit/studyspace/reactNativeTodos/src/App.js","statementMap":{"0":{"start":{"line":7,"column":2},"end":{"line":14,"column":4}},"1":{"start":{"line":17,"column":15},"end":{"line":24,"column":2}}},"fnMap":{"0":{"name":"App","decl":{"start":{"line":6,"column":24},"end":{"line":6,"column":27}},"loc":{"start":{"line":6,"column":30},"end":{"line":15,"column":1}},"line":6}},"branchMap":{},"s":{"0":4,"1":1},"f":{"0":4},"b":{},"_coverageSchema":"1a1c01bbd47fc00a2c39e90264f33305004495a9","hash":"9f5421df5155c48b136a8bf5db038ac29b29e565"}
,"/Users/skyksit/studyspace/reactNativeTodos/src/components/TaskInput.jsx": {"path":"/Users/skyksit/studyspace/reactNativeTodos/src/components/TaskInput.jsx","statementMap":{"0":{"start":{"line":4,"column":18},"end":{"line":14,"column":1}},"1":{"start":{"line":5,"column":2},"end":{"line":13,"column":4}},"2":{"start":{"line":16,"column":15},"end":{"line":27,"column":2}}},"fnMap":{"0":{"name":"(anonymous_0)","decl":{"start":{"line":4,"column":18},"end":{"line":4,"column":19}},"loc":{"start":{"line":4,"column":62},"end":{"line":14,"column":1}},"line":4}},"branchMap":{},"s":{"0":3,"1":16,"2":3},"f":{"0":16},"b":{},"_coverageSchema":"1a1c01bbd47fc00a2c39e90264f33305004495a9","hash":"dd281cd425f267a6497513642b4fb39f49721fd4"}
,"/Users/skyksit/studyspace/reactNativeTodos/src/components/TaskItem.jsx": {"path":"/Users/skyksit/studyspace/reactNativeTodos/src/components/TaskItem.jsx","statementMap":{"0":{"start":{"line":12,"column":0},"end":{"line":12,"column":20}},"1":{"start":{"line":14,"column":20},"end":{"line":23,"column":2}},"2":{"start":{"line":15,"column":2},"end":{"line":22,"column":4}},"3":{"start":{"line":25,"column":18},"end":{"line":30,"column":1}},"4":{"start":{"line":32,"column":17},"end":{"line":97,"column":1}},"5":{"start":{"line":33,"column":38},"end":{"line":33,"column":59}},"6":{"start":{"line":34,"column":38},"end":{"line":34,"column":66}},"7":{"start":{"line":35,"column":34},"end":{"line":35,"column":38}},"8":{"start":{"line":37,"column":31},"end":{"line":39,"column":3}},"9":{"start":{"line":38,"column":4},"end":{"line":38,"column":27}},"10":{"start":{"line":40,"column":27},"end":{"line":42,"column":3}},"11":{"start":{"line":41,"column":4},"end":{"line":41,"column":23}},"12":{"start":{"line":43,"column":25},"end":{"line":45,"column":3}},"13":{"start":{"line":44,"column":4},"end":{"line":44,"column":24}},"14":{"start":{"line":46,"column":27},"end":{"line":49,"column":3}},"15":{"start":{"line":47,"column":4},"end":{"line":47,"column":25}},"16":{"start":{"line":48,"column":4},"end":{"line":48,"column":35}},"17":{"start":{"line":51,"column":2},"end":{"line":96,"column":4}},"18":{"start":{"line":67,"column":32},"end":{"line":67,"column":51}},"19":{"start":{"line":99,"column":15},"end":{"line":146,"column":2}}},"fnMap":{"0":{"name":"(anonymous_0)","decl":{"start":{"line":14,"column":31},"end":{"line":14,"column":32}},"loc":{"start":{"line":14,"column":64},"end":{"line":23,"column":1}},"line":14},"1":{"name":"(anonymous_1)","decl":{"start":{"line":32,"column":17},"end":{"line":32,"column":18}},"loc":{"start":{"line":32,"column":75},"end":{"line":97,"column":1}},"line":32},"2":{"name":"(anonymous_2)","decl":{"start":{"line":37,"column":31},"end":{"line":37,"column":32}},"loc":{"start":{"line":37,"column":37},"end":{"line":39,"column":3}},"line":37},"3":{"name":"(anonymous_3)","decl":{"start":{"line":40,"column":27},"end":{"line":40,"column":28}},"loc":{"start":{"line":40,"column":33},"end":{"line":42,"column":3}},"line":40},"4":{"name":"(anonymous_4)","decl":{"start":{"line":43,"column":25},"end":{"line":43,"column":26}},"loc":{"start":{"line":43,"column":31},"end":{"line":45,"column":3}},"line":43},"5":{"name":"(anonymous_5)","decl":{"start":{"line":46,"column":27},"end":{"line":46,"column":28}},"loc":{"start":{"line":46,"column":33},"end":{"line":49,"column":3}},"line":46},"6":{"name":"(anonymous_6)","decl":{"start":{"line":67,"column":24},"end":{"line":67,"column":25}},"loc":{"start":{"line":67,"column":32},"end":{"line":67,"column":51}},"line":67}},"branchMap":{"0":{"loc":{"start":{"line":54,"column":15},"end":{"line":54,"column":75}},"type":"cond-expr","locations":[{"start":{"line":54,"column":24},"end":{"line":54,"column":47}},{"start":{"line":54,"column":50},"end":{"line":54,"column":75}}],"line":54},"1":{"loc":{"start":{"line":59,"column":16},"end":{"line":59,"column":50}},"type":"cond-expr","locations":[{"start":{"line":59,"column":25},"end":{"line":59,"column":39}},{"start":{"line":59,"column":42},"end":{"line":59,"column":50}}],"line":59},"2":{"loc":{"start":{"line":61,"column":17},"end":{"line":61,"column":42}},"type":"cond-expr","locations":[{"start":{"line":61,"column":26},"end":{"line":61,"column":32}},{"start":{"line":61,"column":35},"end":{"line":61,"column":42}}],"line":61},"3":{"loc":{"start":{"line":64,"column":7},"end":{"line":77,"column":7}},"type":"cond-expr","locations":[{"start":{"line":65,"column":8},"end":{"line":71,"column":10}},{"start":{"line":73,"column":8},"end":{"line":76,"column":15}}],"line":64},"4":{"loc":{"start":{"line":74,"column":17},"end":{"line":74,"column":75}},"type":"cond-expr","locations":[{"start":{"line":74,"column":26},"end":{"line":74,"column":48}},{"start":{"line":74,"column":51},"end":{"line":74,"column":75}}],"line":74},"5":{"loc":{"start":{"line":79,"column":7},"end":{"line":87,"column":7}},"type":"binary-expr","locations":[{"start":{"line":79,"column":7},"end":{"line":79,"column":14}},{"start":{"line":80,"column":8},"end":{"line":86,"column":27}}],"line":79}},"s":{"0":4,"1":4,"2":102,"3":4,"4":4,"5":45,"6":45,"7":45,"8":45,"9":2,"10":45,"11":2,"12":45,"13":4,"14":45,"15":3,"16":3,"17":45,"18":3,"19":4},"f":{"0":102,"1":45,"2":2,"3":2,"4":4,"5":3,"6":3},"b":{"0":[2,43],"1":[2,43],"2":[2,43],"3":[7,38],"4":[2,36],"5":[45,43]},"_coverageSchema":"1a1c01bbd47fc00a2c39e90264f33305004495a9","hash":"a2007ca7e8a9be026ab367159800504e402cf69f"}
,"/Users/skyksit/studyspace/reactNativeTodos/src/components/TaskList.jsx": {"path":"/Users/skyksit/studyspace/reactNativeTodos/src/components/TaskList.jsx","statementMap":{"0":{"start":{"line":5,"column":17},"end":{"line":20,"column":1}},"1":{"start":{"line":6,"column":63},"end":{"line":6,"column":68}},"2":{"start":{"line":7,"column":2},"end":{"line":19,"column":4}},"3":{"start":{"line":10,"column":8},"end":{"line":16,"column":10}}},"fnMap":{"0":{"name":"(anonymous_0)","decl":{"start":{"line":5,"column":17},"end":{"line":5,"column":18}},"loc":{"start":{"line":5,"column":26},"end":{"line":20,"column":1}},"line":5},"1":{"name":"(anonymous_1)","decl":{"start":{"line":9,"column":16},"end":{"line":9,"column":17}},"loc":{"start":{"line":10,"column":8},"end":{"line":16,"column":10}},"line":10}},"branchMap":{},"s":{"0":3,"1":15,"2":15,"3":30},"f":{"0":15,"1":30},"b":{},"_coverageSchema":"1a1c01bbd47fc00a2c39e90264f33305004495a9","hash":"ac59ac752c2fb95dfcb62ab52015a2b74dc8393b"}
,"/Users/skyksit/studyspace/reactNativeTodos/src/components/Title.jsx": {"path":"/Users/skyksit/studyspace/reactNativeTodos/src/components/Title.jsx","statementMap":{"0":{"start":{"line":4,"column":14},"end":{"line":6,"column":1}},"1":{"start":{"line":5,"column":2},"end":{"line":5,"column":51}},"2":{"start":{"line":8,"column":15},"end":{"line":15,"column":2}}},"fnMap":{"0":{"name":"(anonymous_0)","decl":{"start":{"line":4,"column":14},"end":{"line":4,"column":15}},"loc":{"start":{"line":4,"column":27},"end":{"line":6,"column":1}},"line":4}},"branchMap":{},"s":{"0":3,"1":15,"2":3},"f":{"0":15},"b":{},"_coverageSchema":"1a1c01bbd47fc00a2c39e90264f33305004495a9","hash":"deb81db222ec0c5f69d4ec3d69c4abf7a2fbdd2e"}
,"/Users/skyksit/studyspace/reactNativeTodos/src/screens/HomeScreen.jsx": {"path":"/Users/skyksit/studyspace/reactNativeTodos/src/screens/HomeScreen.jsx","statementMap":{"0":{"start":{"line":8,"column":20},"end":{"line":11,"column":1}},"1":{"start":{"line":14,"column":26},"end":{"line":14,"column":47}},"2":{"start":{"line":15,"column":32},"end":{"line":15,"column":44}},"3":{"start":{"line":17,"column":32},"end":{"line":19,"column":8}},"4":{"start":{"line":18,"column":4},"end":{"line":18,"column":21}},"5":{"start":{"line":21,"column":24},"end":{"line":29,"column":15}},"6":{"start":{"line":22,"column":4},"end":{"line":27,"column":7}},"7":{"start":{"line":23,"column":6},"end":{"line":26,"column":8}},"8":{"start":{"line":28,"column":4},"end":{"line":28,"column":19}},"9":{"start":{"line":31,"column":27},"end":{"line":38,"column":8}},"10":{"start":{"line":32,"column":4},"end":{"line":37,"column":7}},"11":{"start":{"line":33,"column":22},"end":{"line":33,"column":35}},"12":{"start":{"line":34,"column":20},"end":{"line":34,"column":42}},"13":{"start":{"line":35,"column":6},"end":{"line":35,"column":51}},"14":{"start":{"line":36,"column":6},"end":{"line":36,"column":21}},"15":{"start":{"line":40,"column":27},"end":{"line":45,"column":8}},"16":{"start":{"line":41,"column":4},"end":{"line":44,"column":7}},"17":{"start":{"line":42,"column":22},"end":{"line":42,"column":54}},"18":{"start":{"line":42,"column":43},"end":{"line":42,"column":53}},"19":{"start":{"line":43,"column":6},"end":{"line":43,"column":21}},"20":{"start":{"line":47,"column":27},"end":{"line":54,"column":8}},"21":{"start":{"line":48,"column":4},"end":{"line":53,"column":7}},"22":{"start":{"line":49,"column":22},"end":{"line":49,"column":35}},"23":{"start":{"line":50,"column":20},"end":{"line":50,"column":42}},"24":{"start":{"line":51,"column":6},"end":{"line":51,"column":54}},"25":{"start":{"line":52,"column":6},"end":{"line":52,"column":21}},"26":{"start":{"line":56,"column":2},"end":{"line":71,"column":4}}},"fnMap":{"0":{"name":"App","decl":{"start":{"line":13,"column":24},"end":{"line":13,"column":27}},"loc":{"start":{"line":13,"column":30},"end":{"line":72,"column":1}},"line":13},"1":{"name":"(anonymous_1)","decl":{"start":{"line":17,"column":44},"end":{"line":17,"column":45}},"loc":{"start":{"line":17,"column":52},"end":{"line":19,"column":3}},"line":17},"2":{"name":"(anonymous_2)","decl":{"start":{"line":21,"column":36},"end":{"line":21,"column":37}},"loc":{"start":{"line":21,"column":42},"end":{"line":29,"column":3}},"line":21},"3":{"name":"(anonymous_3)","decl":{"start":{"line":22,"column":12},"end":{"line":22,"column":13}},"loc":{"start":{"line":22,"column":23},"end":{"line":27,"column":5}},"line":22},"4":{"name":"(anonymous_4)","decl":{"start":{"line":31,"column":39},"end":{"line":31,"column":40}},"loc":{"start":{"line":31,"column":47},"end":{"line":38,"column":3}},"line":31},"5":{"name":"(anonymous_5)","decl":{"start":{"line":32,"column":12},"end":{"line":32,"column":13}},"loc":{"start":{"line":32,"column":24},"end":{"line":37,"column":5}},"line":32},"6":{"name":"(anonymous_6)","decl":{"start":{"line":40,"column":39},"end":{"line":40,"column":40}},"loc":{"start":{"line":40,"column":47},"end":{"line":45,"column":3}},"line":40},"7":{"name":"(anonymous_7)","decl":{"start":{"line":41,"column":12},"end":{"line":41,"column":13}},"loc":{"start":{"line":41,"column":24},"end":{"line":44,"column":5}},"line":41},"8":{"name":"(anonymous_8)","decl":{"start":{"line":42,"column":38},"end":{"line":42,"column":39}},"loc":{"start":{"line":42,"column":43},"end":{"line":42,"column":53}},"line":42},"9":{"name":"(anonymous_9)","decl":{"start":{"line":47,"column":39},"end":{"line":47,"column":40}},"loc":{"start":{"line":47,"column":61},"end":{"line":54,"column":3}},"line":47},"10":{"name":"(anonymous_10)","decl":{"start":{"line":48,"column":12},"end":{"line":48,"column":13}},"loc":{"start":{"line":48,"column":24},"end":{"line":53,"column":5}},"line":48}},"branchMap":{},"s":{"0":2,"1":14,"2":14,"3":14,"4":1,"5":14,"6":1,"7":1,"8":1,"9":14,"10":1,"11":1,"12":1,"13":1,"14":1,"15":14,"16":1,"17":1,"18":2,"19":1,"20":14,"21":1,"22":1,"23":1,"24":1,"25":1,"26":14},"f":{"0":14,"1":1,"2":1,"3":1,"4":1,"5":1,"6":1,"7":1,"8":2,"9":1,"10":1},"b":{},"_coverageSchema":"1a1c01bbd47fc00a2c39e90264f33305004495a9","hash":"9b83cffea480df1322ab03ab10dec7eba3e103ac"}
}
