TN:
SF:src/App.js
FN:6,App
FNF:1
FNH:1
FNDA:4,App
DA:7,4
DA:17,1
LF:2
LH:2
BRF:0
BRH:0
end_of_record
TN:
SF:src/components/TaskInput.jsx
FN:4,(anonymous_0)
FNF:1
FNH:1
FNDA:17,(anonymous_0)
DA:4,3
DA:5,17
DA:16,3
LF:3
LH:3
BRF:0
BRH:0
end_of_record
TN:
SF:src/components/TaskItem.jsx
FN:13,(anonymous_0)
FN:31,(anonymous_1)
FN:34,(anonymous_2)
FN:37,(anonymous_3)
FNF:4
FNH:4
FNDA:106,(anonymous_0)
FNDA:36,(anonymous_1)
FNDA:2,(anonymous_2)
FNDA:2,(anonymous_3)
DA:11,4
DA:13,4
DA:14,106
DA:24,4
DA:31,4
DA:32,36
DA:34,36
DA:35,2
DA:37,36
DA:38,2
DA:41,36
DA:71,4
LF:12
LH:12
BRDA:44,0,0,2
BRDA:44,0,1,34
BRDA:49,1,0,2
BRDA:49,1,1,34
BRDA:51,2,0,2
BRDA:51,2,1,34
BRDA:54,3,0,2
BRDA:54,3,1,34
BRDA:57,4,0,36
BRDA:57,4,1,34
BRF:10
BRH:10
end_of_record
TN:
SF:src/components/TaskList.jsx
FN:5,(anonymous_0)
FN:9,(anonymous_1)
FNF:2
FNH:2
FNDA:14,(anonymous_0)
FNDA:28,(anonymous_1)
DA:5,3
DA:6,14
DA:7,14
DA:10,28
LF:4
LH:4
BRF:0
BRH:0
end_of_record
TN:
SF:src/components/Title.jsx
FN:4,(anonymous_0)
FNF:1
FNH:1
FNDA:13,(anonymous_0)
DA:4,3
DA:5,13
DA:8,3
LF:3
LH:3
BRF:0
BRH:0
end_of_record
TN:
SF:src/screens/HomeScreen.jsx
FN:13,App
FN:17,(anonymous_1)
FN:21,(anonymous_2)
FN:26,(anonymous_3)
FN:27,(anonymous_4)
FN:35,(anonymous_5)
FN:36,(anonymous_6)
FN:37,(anonymous_7)
FNF:8
FNH:8
FNDA:12,App
FNDA:1,(anonymous_1)
FNDA:1,(anonymous_2)
FNDA:1,(anonymous_3)
FNDA:1,(anonymous_4)
FNDA:1,(anonymous_5)
FNDA:1,(anonymous_6)
FNDA:2,(anonymous_7)
DA:8,2
DA:14,12
DA:15,12
DA:17,12
DA:18,1
DA:21,12
DA:22,1
DA:23,1
DA:26,12
DA:27,1
DA:28,1
DA:29,1
DA:30,1
DA:31,1
DA:35,12
DA:36,1
DA:37,2
DA:38,1
DA:42,12
LF:19
LH:19
BRF:0
BRH:0
end_of_record
