TN:
SF:src/App.js
FN:6,App
FNF:1
FNH:1
FNDA:3,App
DA:7,3
DA:17,1
LF:2
LH:2
BRF:0
BRH:0
end_of_record
TN:
SF:src/components/TaskInput.jsx
FN:4,(anonymous_0)
FNF:1
FNH:1
FNDA:12,(anonymous_0)
DA:4,3
DA:5,12
DA:16,3
LF:3
LH:3
BRF:0
BRH:0
end_of_record
TN:
SF:src/components/TaskItem.jsx
FN:7,(anonymous_0)
FN:25,(anonymous_1)
FNF:2
FNH:2
FNDA:69,(anonymous_0)
FNDA:23,(anonymous_1)
DA:5,4
DA:7,4
DA:8,69
DA:18,4
DA:25,4
DA:26,23
DA:27,23
DA:37,4
LF:8
LH:8
BRF:0
BRH:0
end_of_record
TN:
SF:src/components/TaskList.jsx
FN:5,(anonymous_0)
FN:8,(anonymous_1)
FNF:2
FNH:2
FNDA:9,(anonymous_0)
FNDA:19,(anonymous_1)
DA:5,3
DA:6,9
DA:9,19
LF:3
LH:3
BRF:0
BRH:0
end_of_record
TN:
SF:src/components/Title.jsx
FN:4,(anonymous_0)
FNF:1
FNH:1
FNDA:8,(anonymous_0)
DA:4,3
DA:5,8
DA:8,3
LF:3
LH:3
BRF:0
BRH:0
end_of_record
TN:
SF:src/screens/HomeScreen.jsx
FN:13,App
FN:17,(anonymous_1)
FN:21,(anonymous_2)
FNF:3
FNH:3
FNDA:7,App
FNDA:1,(anonymous_1)
FNDA:1,(anonymous_2)
DA:8,2
DA:14,7
DA:15,7
DA:17,7
DA:18,1
DA:21,7
DA:22,1
DA:23,1
DA:26,7
LF:9
LH:9
BRF:0
BRH:0
end_of_record
